This is pdfTeX, Version 3.14159265-2.6-1.40.18 (MiKTeX 2.9.6300 64-bit) (preloaded format=pdflatex 2017.5.9)  17 DEC 2018 09:57
entering extended mode
**./Arbeit-ZfPSim.tex
(Arbeit-ZfPSim.tex
LaTeX2e <2017-04-15>
Babel <3.9r> and hyphenation patterns for 75 language(s) loaded.
(spezidoc.cls
Document Class: spezidoc 2016/03/28 Standard spezi-documents
("D:\Program Files\MiKTeX\tex\latex\base\ifthen.sty"
Package: ifthen 2014/09/29 v1.1c Standard LaTeX ifthen package (DPC)
)
("D:\Program Files\MiKTeX\tex\latex\xifthen\xifthen.sty"
Package: xifthen 2015/11/05 v1.4.0 Extended ifthen features

("D:\Program Files\MiKTeX\tex\latex\tools\calc.sty"
Package: calc 2014/10/28 v4.3 Infix arithmetic (KKT,FJ)
\calc@Acount=\count79
\calc@Bcount=\count80
\calc@Adimen=\dimen102
\calc@Bdimen=\dimen103
\calc@Askip=\skip41
\calc@Bskip=\skip42
LaTeX Info: Redefining \setlength on input line 80.
LaTeX Info: Redefining \addtolength on input line 81.
\calc@Ccount=\count81
\calc@Cskip=\skip43
)
("D:\Program Files\MiKTeX\tex\latex\ifmtarg\ifmtarg.sty"
Package: ifmtarg 2009/09/02 v1.2a check for an empty argument
))
("D:\Program Files\MiKTeX\tex\generic\babel\babel.sty"
Package: babel 2016/04/23 3.9r The Babel package

*************************************
* Local config file bblopts.cfg used
*
("D:\Program Files\MiKTeX\tex\latex\arabi\bblopts.cfg"
File: bblopts.cfg 2005/09/08 v0.1 add Arabic and Farsi to "declared" options of
 babel
)
("D:\Program Files\MiKTeX\tex\latex\babel-german\ngerman.ldf"
Language: ngerman 2016/11/02 v2.9 German support for babel (new orthography)

("D:\Program Files\MiKTeX\tex\latex\babel-german\ngermanb.ldf"
Language: ngermanb 2016/11/02 v2.9 German support for babel (new orthography)

("D:\Program Files\MiKTeX\tex\generic\babel\babel.def"
File: babel.def 2016/04/23 3.9r Babel common definitions
\babel@savecnt=\count82
\U@D=\dimen104
)
Package babel Info: Making " an active character on input line 125.
)))
("D:\Program Files\MiKTeX\tex\latex\base\inputenc.sty"
Package: inputenc 2015/03/17 v1.2c Input encoding file
\inpenc@prehook=\toks14
\inpenc@posthook=\toks15

("D:\Program Files\MiKTeX\tex\latex\ucs\utf8x.def"
File: utf8x.def 2004/10/17 UCS: Input encoding UTF-8
))
("D:\Program Files\MiKTeX\tex\latex\ucs\ucs.sty"
Package: ucs 2013/05/11 v2.2 UCS: Unicode input support

("D:\Program Files\MiKTeX\tex\latex\ucs\uni-global.def"
File: uni-global.def 2013/05/13 UCS: Unicode global data
)
\uc@secondtry=\count83
\uc@combtoks=\toks16
\uc@combtoksb=\toks17
\uc@temptokena=\toks18
)
("D:\Program Files\MiKTeX\tex\latex\datetime\datetime.sty"
Package: datetime 2015/03/20 v2.60 Date Time Package

("D:\Program Files\MiKTeX\tex\latex\etoolbox\etoolbox.sty"
Package: etoolbox 2017/01/02 v2.4 e-TeX tools for LaTeX (JAW)
\etb@tempcnta=\count84
)
("D:\Program Files\MiKTeX\tex\latex\fmtcount\fmtcount.sty"
Package: fmtcount 2015/05/05 v3.01

("D:\Program Files\MiKTeX\tex\latex\xkeyval\xkeyval.sty"
Package: xkeyval 2014/12/03 v2.7a package option processing (HA)

("D:\Program Files\MiKTeX\tex\generic\xkeyval\xkeyval.tex"
("D:\Program Files\MiKTeX\tex\generic\xkeyval\xkvutils.tex"
\XKV@toks=\toks19
\XKV@tempa@toks=\toks20

("D:\Program Files\MiKTeX\tex\generic\xkeyval\keyval.tex"))
\XKV@depth=\count85
File: xkeyval.tex 2014/12/03 v2.7a key=value parser (HA)
))
("D:\Program Files\MiKTeX\tex\latex\fmtcount\fcprefix.sty"
Package: fcprefix 2012/09/28

("D:\Program Files\MiKTeX\tex\latex\fmtcount\fcnumparser.sty"
Package: fcnumparser 2012/09/28
\fc@digit@counter=\count86
))
("D:\Program Files\MiKTeX\tex\generic\ifxetex\ifxetex.sty"
Package: ifxetex 2010/09/12 v0.6 Provides ifxetex conditional
)
("D:\Program Files\MiKTeX\tex\latex\amsmath\amsgen.sty"
File: amsgen.sty 1999/11/30 v2.0 generic functions
\@emptytoks=\toks21
\ex@=\dimen105
)
\c@padzeroesN=\count87
\fc@tmpcatcode=\count88

("D:\Program Files\MiKTeX\tex\latex\fmtcount\fc-ngerman.def"
File: fc-ngerman.def 2012/06/18

("D:\Program Files\MiKTeX\tex\latex\fmtcount\fc-german.def"
File: fc-german.def 2014/06/09

("D:\Program Files\MiKTeX\tex\latex\fmtcount\fc-germanb.def"
File: fc-germanb.def 2013/08/17
))
("D:\Program Files\MiKTeX\tex\latex\fmtcount\fc-ngermanb.def"
File: fc-ngermanb.def 2013/08/17
))
\@DT@modctr=\count89
\@ordinalctr=\count90
\@orgargctr=\count91
\@strctr=\count92
\@tmpstrctr=\count93
\@DT@loopN=\count94
\@DT@X=\count95
)
("D:\Program Files\MiKTeX\tex\latex\datetime\datetime-defaults.sty"
Package: datetime-defaults 2013/09/10
)
\@day=\count96
\@month=\count97
\@year=\count98
\c@HOUR=\count99
\c@HOURXII=\count100
\c@MINUTE=\count101
\c@TOHOUR=\count102
\c@TOMINUTE=\count103
\c@SECOND=\count104
\currenthour=\count105
\currentminute=\count106
\currentsecond=\count107
Package datetime Info: No datetime.cfg file found, using default settings on in
put line 308.
\@dtctr=\count108
\dayofyear=\count109
\dayofweek=\count110

("D:\Program Files\MiKTeX\tex\latex\datetime\dt-ngerman.def"
File: dt-ngerman.def 2013/09/10
LaTeX Info: Redefining \datengerman on input line 86.
)
\dt@a=\toks22
\dt@b=\toks23
)
\c@spezidoc@type=\count111
\c@spezidoc@tmpYear=\count112

("D:\Program Files\MiKTeX\tex\latex\base\article.cls"
Document Class: article 2014/09/29 v1.4h Standard LaTeX document class
("D:\Program Files\MiKTeX\tex\latex\base\size12.clo"
File: size12.clo 2014/09/29 v1.4h Standard LaTeX file (size option)
)
\c@part=\count113
\c@section=\count114
\c@subsection=\count115
\c@subsubsection=\count116
\c@paragraph=\count117
\c@subparagraph=\count118
\c@figure=\count119
\c@table=\count120
\abovecaptionskip=\skip44
\belowcaptionskip=\skip45
\bibindent=\dimen106
)
("D:\Program Files\MiKTeX\tex\latex\geometry\geometry.sty"
Package: geometry 2010/09/12 v5.6 Page Geometry

("D:\Program Files\MiKTeX\tex\generic\oberdiek\ifpdf.sty"
Package: ifpdf 2017/03/15 v3.2 Provides the ifpdf switch
)
("D:\Program Files\MiKTeX\tex\generic\oberdiek\ifvtex.sty"
Package: ifvtex 2016/05/16 v1.6 Detect VTeX and its facilities (HO)
Package ifvtex Info: VTeX not detected.
)
\Gm@cnth=\count121
\Gm@cntv=\count122
\c@Gm@tempcnt=\count123
\Gm@bindingoffset=\dimen107
\Gm@wd@mp=\dimen108
\Gm@odd@mp=\dimen109
\Gm@even@mp=\dimen110
\Gm@layoutwidth=\dimen111
\Gm@layoutheight=\dimen112
\Gm@layouthoffset=\dimen113
\Gm@layoutvoffset=\dimen114
\Gm@dimlist=\toks24

("D:\Program Files\MiKTeX\tex\latex\geometry\geometry.cfg"))
("D:\Program Files\MiKTeX\tex\latex\bigfoot\perpage.sty"
Package: perpage 2014/10/25 2.0 Reset/sort counters per page
\c@abspage=\count124
)
("D:\Program Files\MiKTeX\tex\latex\textpos\textpos.sty"
Package: textpos 2016/06/07 v1.8

Package: textpos 2016/06/07 1.8, absolute positioning of text on the page
("D:\Program Files\MiKTeX\tex\latex\ms\everyshi.sty"
Package: everyshi 2001/05/15 v3.00 EveryShipout Package (MS)
)
\TP@textbox=\box26
\TP@holdbox=\box27
\TPHorizModule=\dimen115
\TPVertModule=\dimen116
\TP@margin=\dimen117
\TP@absmargin=\dimen118

Grid set 16 x 16 = 37.34424pt x 52.81541pt
\TPboxrulesize=\dimen119
\TP@ox=\dimen120
\TP@oy=\dimen121
\TP@tbargs=\toks25
\TP@prevdepth=\dimen122
TextBlockOrigin set to 0pt x 0pt
) ("D:\Program Files\MiKTeX\tex\latex\titlesec\titlesec.sty"
Package: titlesec 2016/03/21 v2.10.2 Sectioning titles
\ttl@box=\box28
\beforetitleunit=\skip46
\aftertitleunit=\skip47
\ttl@plus=\dimen123
\ttl@minus=\dimen124
\ttl@toksa=\toks26
\titlewidth=\dimen125
\titlewidthlast=\dimen126
\titlewidthfirst=\dimen127
)
("D:\Program Files\MiKTeX\tex\latex\tocloft\tocloft.sty"
Package: tocloft 2017/08/31 v2.3i parameterised ToC, etc., typesetting
Package tocloft Info: The document has section divisions on input line 51.
\cftparskip=\skip48
\cftbeforetoctitleskip=\skip49
\cftaftertoctitleskip=\skip50
\cftbeforepartskip=\skip51
\cftpartnumwidth=\skip52
\cftpartindent=\skip53
\cftbeforesecskip=\skip54
\cftsecindent=\skip55
\cftsecnumwidth=\skip56
\cftbeforesubsecskip=\skip57
\cftsubsecindent=\skip58
\cftsubsecnumwidth=\skip59
\cftbeforesubsubsecskip=\skip60
\cftsubsubsecindent=\skip61
\cftsubsubsecnumwidth=\skip62
\cftbeforeparaskip=\skip63
\cftparaindent=\skip64
\cftparanumwidth=\skip65
\cftbeforesubparaskip=\skip66
\cftsubparaindent=\skip67
\cftsubparanumwidth=\skip68
\cftbeforeloftitleskip=\skip69
\cftafterloftitleskip=\skip70
\cftbeforefigskip=\skip71
\cftfigindent=\skip72
\cftfignumwidth=\skip73
\c@lofdepth=\count125
\c@lotdepth=\count126
\cftbeforelottitleskip=\skip74
\cftafterlottitleskip=\skip75
\cftbeforetabskip=\skip76
\cfttabindent=\skip77
\cfttabnumwidth=\skip78
)
("D:\Program Files\MiKTeX\tex\latex\psnfss\pifont.sty"
Package: pifont 2005/04/12 PSNFSS-v9.2a Pi font support (SPQR) 
LaTeX Font Info:    Try loading font information for U+pzd on input line 63.

("D:\Program Files\MiKTeX\tex\latex\psnfss\upzd.fd"
File: upzd.fd 2001/06/04 font definitions for U/pzd.
)
LaTeX Font Info:    Try loading font information for U+psy on input line 64.

("D:\Program Files\MiKTeX\tex\latex\psnfss\upsy.fd"
File: upsy.fd 2001/06/04 font definitions for U/psy.
))
("D:\Program Files\MiKTeX\tex\latex\hyperref\hyperref.sty"
Package: hyperref 2017/03/14 v6.85a Hypertext links for LaTeX

("D:\Program Files\MiKTeX\tex\generic\oberdiek\hobsub-hyperref.sty"
Package: hobsub-hyperref 2016/05/16 v1.14 Bundle oberdiek, subset hyperref (HO)


("D:\Program Files\MiKTeX\tex\generic\oberdiek\hobsub-generic.sty"
Package: hobsub-generic 2016/05/16 v1.14 Bundle oberdiek, subset generic (HO)
Package: hobsub 2016/05/16 v1.14 Construct package bundles (HO)
Package: infwarerr 2016/05/16 v1.4 Providing info/warning/error messages (HO)
Package: ltxcmds 2016/05/16 v1.23 LaTeX kernel commands for general use (HO)
Package: ifluatex 2016/05/16 v1.4 Provides the ifluatex switch (HO)
Package ifluatex Info: LuaTeX not detected.
Package hobsub Info: Skipping package `ifvtex' (already loaded).
Package: intcalc 2016/05/16 v1.2 Expandable calculations with integers (HO)
Package hobsub Info: Skipping package `ifpdf' (already loaded).
Package: etexcmds 2016/05/16 v1.6 Avoid name clashes with e-TeX commands (HO)
Package etexcmds Info: Could not find \expanded.
(etexcmds)             That can mean that you are not using pdfTeX 1.50 or
(etexcmds)             that some package has redefined \expanded.
(etexcmds)             In the latter case, load this package earlier.
Package: kvsetkeys 2016/05/16 v1.17 Key value parser (HO)
Package: kvdefinekeys 2016/05/16 v1.4 Define keys (HO)
Package: pdftexcmds 2017/03/19 v0.25 Utility functions of pdfTeX for LuaTeX (HO
)
Package pdftexcmds Info: LuaTeX not detected.
Package pdftexcmds Info: \pdf@primitive is available.
Package pdftexcmds Info: \pdf@ifprimitive is available.
Package pdftexcmds Info: \pdfdraftmode found.
Package: pdfescape 2016/05/16 v1.14 Implements pdfTeX's escape features (HO)
Package: bigintcalc 2016/05/16 v1.4 Expandable calculations on big integers (HO
)
Package: bitset 2016/05/16 v1.2 Handle bit-vector datatype (HO)
Package: uniquecounter 2016/05/16 v1.3 Provide unlimited unique counter (HO)
)
Package hobsub Info: Skipping package `hobsub' (already loaded).
Package: letltxmacro 2016/05/16 v1.5 Let assignment for LaTeX macros (HO)
Package: hopatch 2016/05/16 v1.3 Wrapper for package hooks (HO)
Package: xcolor-patch 2016/05/16 xcolor patch
Package: atveryend 2016/05/16 v1.9 Hooks at the very end of document (HO)
Package: atbegshi 2016/06/09 v1.18 At begin shipout hook (HO)
Package: refcount 2016/05/16 v3.5 Data extraction from label references (HO)
Package: hycolor 2016/05/16 v1.8 Color options for hyperref/bookmark (HO)
)
("D:\Program Files\MiKTeX\tex\latex\oberdiek\auxhook.sty"
Package: auxhook 2016/05/16 v1.4 Hooks for auxiliary files (HO)
)
("D:\Program Files\MiKTeX\tex\latex\oberdiek\kvoptions.sty"
Package: kvoptions 2016/05/16 v3.12 Key value format for package options (HO)
)
\@linkdim=\dimen128
\Hy@linkcounter=\count127
\Hy@pagecounter=\count128

("D:\Program Files\MiKTeX\tex\latex\hyperref\pd1enc.def"
File: pd1enc.def 2017/03/14 v6.85a Hyperref: PDFDocEncoding definition (HO)
)
\Hy@SavedSpaceFactor=\count129

("D:\Program Files\MiKTeX\tex\latex\00miktex\hyperref.cfg"
File: hyperref.cfg 2002/06/06 v1.2 hyperref configuration of TeXLive
)
Package hyperref Info: Hyper figures OFF on input line 4498.
Package hyperref Info: Link nesting OFF on input line 4503.
Package hyperref Info: Hyper index ON on input line 4506.
Package hyperref Info: Plain pages OFF on input line 4513.
Package hyperref Info: Backreferencing OFF on input line 4518.
Package hyperref Info: Implicit mode ON; LaTeX internals redefined.
Package hyperref Info: Bookmarks ON on input line 4751.
\c@Hy@tempcnt=\count130

("D:\Program Files\MiKTeX\tex\latex\url\url.sty"
\Urlmuskip=\muskip10
Package: url 2013/09/16  ver 3.4  Verb mode for urls, etc.
)
LaTeX Info: Redefining \url on input line 5104.
\XeTeXLinkMargin=\dimen129
\Fld@menulength=\count131
\Field@Width=\dimen130
\Fld@charsize=\dimen131
Package hyperref Info: Hyper figures OFF on input line 6358.
Package hyperref Info: Link nesting OFF on input line 6363.
Package hyperref Info: Hyper index ON on input line 6366.
Package hyperref Info: backreferencing OFF on input line 6373.
Package hyperref Info: Link coloring OFF on input line 6378.
Package hyperref Info: Link coloring with OCG OFF on input line 6383.
Package hyperref Info: PDF/A mode OFF on input line 6388.
LaTeX Info: Redefining \ref on input line 6428.
LaTeX Info: Redefining \pageref on input line 6432.
\Hy@abspage=\count132
\c@Item=\count133
\c@Hfootnote=\count134
)

Package hyperref Message: Driver (autodetected): hpdftex.

("D:\Program Files\MiKTeX\tex\latex\hyperref\hpdftex.def"
File: hpdftex.def 2017/03/14 v6.85a Hyperref driver for pdfTeX
\Fld@listcount=\count135
\c@bookmark@seq@number=\count136

("D:\Program Files\MiKTeX\tex\latex\oberdiek\rerunfilecheck.sty"
Package: rerunfilecheck 2016/05/16 v1.8 Rerun checks for auxiliary files (HO)
Package uniquecounter Info: New unique counter `rerunfilecheck' on input line 2
82.
)
\Hy@SectionHShift=\skip79
)
("D:\Program Files\MiKTeX\tex\latex\titlesec\block.tss"
File: block.tss 2016/03/15
)
\c@pp@a@footnote=\count137

("D:\Program Files\MiKTeX\tex\latex\enumitem\enumitem.sty"
Package: enumitem 2011/09/28 v3.5.2 Customized lists
\enitkv@toks@=\toks27
\labelindent=\skip80
\enit@outerparindent=\dimen132
\enit@toks=\toks28
\enit@inbox=\box29
\enitdp@description=\count138
)
("D:\Program Files\MiKTeX\tex\latex\fancyhdr\fancyhdr.sty"
Package: fancyhdr 2017/06/30 v3.9a Extensive control of page headers and footer
s
\f@nch@headwidth=\skip81
\f@nch@O@elh=\skip82
\f@nch@O@erh=\skip83
\f@nch@O@olh=\skip84
\f@nch@O@orh=\skip85
\f@nch@O@elf=\skip86
\f@nch@O@erf=\skip87
\f@nch@O@olf=\skip88
\f@nch@O@orf=\skip89
)
("D:\Program Files\MiKTeX\tex\latex\xstring\xstring.sty"
("D:\Program Files\MiKTeX\tex\generic\xstring\xstring.tex"
\@xs@message=\write3
\integerpart=\count139
\decimalpart=\count140
)
Package: xstring 2013/10/13  v1.7c  String manipulations (C Tellechea)
))
("D:\Program Files\MiKTeX\tex\latex\amsfonts\amsfonts.sty"
Package: amsfonts 2013/01/14 v3.01 Basic AMSFonts support
\symAMSa=\mathgroup4
\symAMSb=\mathgroup5
LaTeX Font Info:    Overwriting math alphabet `\mathfrak' in version `bold'
(Font)                  U/euf/m/n --> U/euf/b/n on input line 106.
)
("D:\Program Files\MiKTeX\tex\latex\amsmath\amsmath.sty"
Package: amsmath 2016/11/05 v2.16a AMS math features
\@mathmargin=\skip90

For additional information on amsmath, use the `?' option.
("D:\Program Files\MiKTeX\tex\latex\amsmath\amstext.sty"
Package: amstext 2000/06/29 v2.01 AMS text
)
("D:\Program Files\MiKTeX\tex\latex\amsmath\amsbsy.sty"
Package: amsbsy 1999/11/29 v1.2d Bold Symbols
\pmbraise@=\dimen133
)
("D:\Program Files\MiKTeX\tex\latex\amsmath\amsopn.sty"
Package: amsopn 2016/03/08 v2.02 operator names
)
\inf@bad=\count141
LaTeX Info: Redefining \frac on input line 213.
\uproot@=\count142
\leftroot@=\count143
LaTeX Info: Redefining \overline on input line 375.
\classnum@=\count144
\DOTSCASE@=\count145
LaTeX Info: Redefining \ldots on input line 472.
LaTeX Info: Redefining \dots on input line 475.
LaTeX Info: Redefining \cdots on input line 596.
\Mathstrutbox@=\box30
\strutbox@=\box31
\big@size=\dimen134
LaTeX Font Info:    Redeclaring font encoding OML on input line 712.
LaTeX Font Info:    Redeclaring font encoding OMS on input line 713.
\macc@depth=\count146
\c@MaxMatrixCols=\count147
\dotsspace@=\muskip11
\c@parentequation=\count148
\dspbrk@lvl=\count149
\tag@help=\toks29
\row@=\count150
\column@=\count151
\maxfields@=\count152
\andhelp@=\toks30
\eqnshift@=\dimen135
\alignsep@=\dimen136
\tagshift@=\dimen137
\tagwidth@=\dimen138
\totwidth@=\dimen139
\lineht@=\dimen140
\@envbody=\toks31
\multlinegap=\skip91
\multlinetaggap=\skip92
\mathdisplay@stack=\toks32
LaTeX Info: Redefining \[ on input line 2817.
LaTeX Info: Redefining \] on input line 2818.
)
("D:\Program Files\MiKTeX\tex\latex\amsfonts\amssymb.sty"
Package: amssymb 2013/01/14 v3.01 AMS font symbols
)
("D:\Program Files\MiKTeX\tex\latex\caption\caption.sty"
Package: caption 2016/02/21 v3.3-144 Customizing captions (AR)

("D:\Program Files\MiKTeX\tex\latex\caption\caption3.sty"
Package: caption3 2016/05/22 v1.7-166 caption3 kernel (AR)
Package caption3 Info: TeX engine: e-TeX on input line 67.
\captionmargin=\dimen141
\captionmargin@=\dimen142
\captionwidth=\dimen143
\caption@tempdima=\dimen144
\caption@indent=\dimen145
\caption@parindent=\dimen146
\caption@hangindent=\dimen147
)
\c@ContinuedFloat=\count153
Package caption Info: hyperref package is loaded.
)
("D:\Program Files\MiKTeX\tex\latex\doublestroke\dsfont.sty"
Package: dsfont 1995/08/01 v0.1 Double stroke roman fonts
)
("D:\Program Files\MiKTeX\tex\latex\graphics\graphicx.sty"
Package: graphicx 2014/10/28 v1.0g Enhanced LaTeX Graphics (DPC,SPQR)

("D:\Program Files\MiKTeX\tex\latex\graphics\graphics.sty"
Package: graphics 2017/04/14 v1.1b Standard LaTeX Graphics (DPC,SPQR)

("D:\Program Files\MiKTeX\tex\latex\graphics\trig.sty"
Package: trig 2016/01/03 v1.10 sin cos tan (DPC)
)
("D:\Program Files\MiKTeX\tex\latex\graphics-cfg\graphics.cfg"
File: graphics.cfg 2016/06/04 v1.11 sample graphics configuration
)
Package graphics Info: Driver file: pdftex.def on input line 99.

("D:\Program Files\MiKTeX\tex\latex\graphics-def\pdftex.def"
File: pdftex.def 2017/01/12 v0.06k Graphics/color for pdfTeX
\Gread@gobject=\count154
))
\Gin@req@height=\dimen148
\Gin@req@width=\dimen149
)
("D:\Program Files\MiKTeX\tex\latex\setspace\setspace.sty"
Package: setspace 2011/12/19 v6.7a set line spacing
)
("D:\Program Files\MiKTeX\tex\latex\caption\subcaption.sty"
Package: subcaption 2016/05/22 v1.1-161 Sub-captions (AR)
\c@subfigure=\count155
\c@subtable=\count156
)
("D:\Program Files\MiKTeX\tex\latex\ulem\ulem.sty"
\UL@box=\box32
\UL@hyphenbox=\box33
\UL@skip=\skip93
\UL@hook=\toks33
\UL@height=\dimen150
\UL@pe=\count157
\UL@pixel=\dimen151
\ULC@box=\box34
Package: ulem 2012/05/18
\ULdepth=\dimen152
)
("D:\Program Files\MiKTeX\tex\latex\wrapfig\wrapfig.sty"
\wrapoverhang=\dimen153
\WF@size=\dimen154
\c@WF@wrappedlines=\count158
\WF@box=\box35
\WF@everypar=\toks34
Package: wrapfig 2003/01/31  v 3.6
) (Arbeit-ZfPSim.aux
! Undefined control sequence.
l.20 \babel@aux
               {ngerman}{}
The control sequence at the end of the top line
of your error message was never \def'ed. If you have
misspelled it (e.g., `\hobx'), type `I' and the correct
spelling (e.g., `I\hbox'). Otherwise just continue,
and I'll forget about whatever was undefined.


! LaTeX Error: Missing \begin{document}.

See the LaTeX manual or LaTeX Companion for explanation.
Type  H <return>  for immediate help.
 ...                                              
                                                  
l.20 \babel@aux{n
                 german}{}
You're in trouble here.  Try typing  <return>  to proceed.
If that doesn't work, type  X <return>  to quit.

)
\openout1 = `Arbeit-ZfPSim.aux'.

LaTeX Font Info:    Checking defaults for OML/cmm/m/it on input line 37.
LaTeX Font Info:    ... okay on input line 37.
LaTeX Font Info:    Checking defaults for T1/cmr/m/n on input line 37.
LaTeX Font Info:    ... okay on input line 37.
LaTeX Font Info:    Checking defaults for OT1/cmr/m/n on input line 37.
LaTeX Font Info:    ... okay on input line 37.
LaTeX Font Info:    Checking defaults for OMS/cmsy/m/n on input line 37.
LaTeX Font Info:    ... okay on input line 37.
LaTeX Font Info:    Checking defaults for OMX/cmex/m/n on input line 37.
LaTeX Font Info:    ... okay on input line 37.
LaTeX Font Info:    Checking defaults for U/cmr/m/n on input line 37.
LaTeX Font Info:    ... okay on input line 37.
LaTeX Font Info:    Checking defaults for PD1/pdf/m/n on input line 37.
LaTeX Font Info:    ... okay on input line 37.
 ("D:\Program Files\MiKTeX\tex\latex\ucs\ucsencs.def"
File: ucsencs.def 2011/01/21 Fixes to fontencodings LGR, T3
)
*geometry* driver: auto-detecting
*geometry* detected driver: pdftex
*geometry* verbose mode - [ preamble ] result:
* driver: pdftex
* paper: <default>
* layout: <same size as paper>
* layoutoffset:(h,v)=(0.0pt,0.0pt)
* modes: 
* h-part:(L,W,R)=(71.13188pt, 455.24411pt, 71.13188pt)
* v-part:(T,H,B)=(71.13188pt, 717.00946pt, 56.9055pt)
* \paperwidth=597.50787pt
* \paperheight=845.04684pt
* \textwidth=455.24411pt
* \textheight=717.00946pt
* \oddsidemargin=-1.1381pt
* \evensidemargin=-1.1381pt
* \topmargin=-38.1381pt
* \headheight=12.0pt
* \headsep=25.0pt
* \topskip=12.0pt
* \footskip=30.0pt
* \marginparwidth=35.0pt
* \marginparsep=10.0pt
* \columnsep=10.0pt
* \skip\footins=10.8pt plus 4.0pt minus 2.0pt
* \hoffset=0.0pt
* \voffset=0.0pt
* \mag=1000
* \@twocolumnfalse
* \@twosidefalse
* \@mparswitchfalse
* \@reversemarginfalse
* (1in=72.27pt=25.4mm, 1cm=28.453pt)

ABD: EveryShipout initializing macros
\AtBeginShipoutBox=\box36
Package hyperref Info: Link coloring OFF on input line 37.

("D:\Program Files\MiKTeX\tex\latex\hyperref\nameref.sty"
Package: nameref 2016/05/21 v2.44 Cross-referencing by name of section

("D:\Program Files\MiKTeX\tex\generic\oberdiek\gettitlestring.sty"
Package: gettitlestring 2016/05/16 v1.5 Cleanup title references (HO)
)
\c@section@level=\count159
)
LaTeX Info: Redefining \ref on input line 37.
LaTeX Info: Redefining \pageref on input line 37.
LaTeX Info: Redefining \nameref on input line 37.

(Arbeit-ZfPSim.out) (Arbeit-ZfPSim.out)
\@outlinefile=\write4
\openout4 = `Arbeit-ZfPSim.out'.

Package caption Info: Begin \AtBeginDocument code.
Package caption Info: wrapfig package is loaded.
Package caption Info: End \AtBeginDocument code.

("D:\Program Files\MiKTeX\tex\context\base\supp-pdf.mkii"
[Loading MPS to PDF converter (version 2006.09.02).]
\scratchcounter=\count160
\scratchdimen=\dimen155
\scratchbox=\box37
\nofMPsegments=\count161
\nofMParguments=\count162
\everyMPshowfont=\toks35
\MPscratchCnt=\count163
\MPscratchDim=\dimen156
\MPnumerator=\count164
\makeMPintoPDFobject=\count165
\everyMPtoPDFconversion=\toks36
) ("D:\Program Files\MiKTeX\tex\latex\oberdiek\epstopdf-base.sty"
Package: epstopdf-base 2016/05/15 v2.6 Base part for package epstopdf

("D:\Program Files\MiKTeX\tex\latex\oberdiek\grfext.sty"
Package: grfext 2016/05/16 v1.2 Manage graphics extensions (HO)
)
Package epstopdf-base Info: Redefining graphics rule for `.eps' on input line 4
38.
Package grfext Info: Graphics extension search list:
(grfext)             [.png,.pdf,.jpg,.mps,.jpeg,.jbig2,.jb2,.PNG,.PDF,.JPG,.JPE
G,.JBIG2,.JB2,.eps]
(grfext)             \AppendGraphicsExtensions on input line 456.
)
("D:\Program Files\MiKTeX\tex\latex\ucs\uni-0.def"
File: uni-0.def 2013/05/13 UCS: Unicode data U+0000..U+00FF
)
LaTeX Font Info:    Try loading font information for OMS+cmr on input line 40.

("D:\Program Files\MiKTeX\tex\latex\base\omscmr.fd"
File: omscmr.fd 2014/09/29 v2.5h Standard LaTeX font definitions
)
LaTeX Font Info:    Font shape `OMS/cmr/m/n' in size <6> not available
(Font)              Font shape `OMS/cmsy/m/n' tried instead on input line 40.
Package babel Info: Redefining ngerman shorthand "|
(babel)             in language  on input line 40.
Package babel Info: Redefining ngerman shorthand "~
(babel)             in language  on input line 40.
Package babel Info: Redefining ngerman shorthand "|
(babel)             in language  on input line 40.
Package babel Info: Redefining ngerman shorthand "~
(babel)             in language  on input line 40.
 [1{C:/ProgramData/MiKTeX/2.9/pdftex/config/pdftex.map}

]
LaTeX Font Info:    Try loading font information for U+msa on input line 40.

("D:\Program Files\MiKTeX\tex\latex\amsfonts\umsa.fd"
File: umsa.fd 2013/01/14 v3.01 AMS symbols A
)
LaTeX Font Info:    Try loading font information for U+msb on input line 40.

("D:\Program Files\MiKTeX\tex\latex\amsfonts\umsb.fd"
File: umsb.fd 2013/01/14 v3.01 AMS symbols B
)
Package babel Info: Redefining ngerman shorthand "|
(babel)             in language  on input line 40.
Package babel Info: Redefining ngerman shorthand "~
(babel)             in language  on input line 40.
Package babel Info: Redefining ngerman shorthand "|
(babel)             in language  on input line 40.
Package babel Info: Redefining ngerman shorthand "~
(babel)             in language  on input line 40.
pdfTeX warning (ext4): destination with the same identifier (name{page.1}) has 
been already used, duplicate ignored
<to be read again> 
                   \relax 
l.40 \maketitlepage
                    [1] (Arbeit-ZfPSim.toc
! Undefined control sequence.
l.1 \babel@toc
               {ngerman}{}
The control sequence at the end of the top line
of your error message was never \def'ed. If you have
misspelled it (e.g., `\hobx'), type `I' and the correct
spelling (e.g., `I\hbox'). Otherwise just continue,
and I'll forget about whatever was undefined.


! LaTeX Error: Something's wrong--perhaps a missing \item.

See the LaTeX manual or LaTeX Companion for explanation.
Type  H <return>  for immediate help.
 ...                                              
                                                  
l.2 ...n}{\numberline {1}Einleitung}{1}{section.1}
                                                  
Try typing  <return>  to proceed.
If that doesn't work, type  X <return>  to quit.


! LaTeX Error: Something's wrong--perhaps a missing \item.

See the LaTeX manual or LaTeX Companion for explanation.
Type  H <return>  for immediate help.
 ...                                              
                                                  
l.2 ...n}{\numberline {1}Einleitung}{1}{section.1}
                                                  
Try typing  <return>  to proceed.
If that doesn't work, type  X <return>  to quit.

)
\tf@toc=\write5
\openout5 = `Arbeit-ZfPSim.toc'.

Package babel Info: Redefining ngerman shorthand "|
(babel)             in language  on input line 46.
Package babel Info: Redefining ngerman shorthand "~
(babel)             in language  on input line 46.
Package babel Info: Redefining ngerman shorthand "|
(babel)             in language  on input line 46.
Package babel Info: Redefining ngerman shorthand "~
(babel)             in language  on input line 46.
pdfTeX warning (ext4): destination with the same identifier (name{page.1}) has 
been already used, duplicate ignored
<to be read again> 
                   \relax 
l.46 \newpage
              [1]
Package babel Info: Redefining ngerman shorthand "|
(babel)             in language  on input line 50.
Package babel Info: Redefining ngerman shorthand "~
(babel)             in language  on input line 50.

Underfull \hbox (badness 6625) in paragraph at lines 52--65
\OT1/cmr/m/n/12 Das Ver-fah-ren der zerst[]orungsfreien Ma-te-ri-al-pr[]ufung w
ird im Ge-gen-satz zur
 []

Package babel Info: Redefining ngerman shorthand "|
(babel)             in language  on input line 66.
Package babel Info: Redefining ngerman shorthand "~
(babel)             in language  on input line 66.
Package babel Info: Redefining ngerman shorthand "|
(babel)             in language  on input line 66.
Package babel Info: Redefining ngerman shorthand "~
(babel)             in language  on input line 66.
pdfTeX warning (ext4): destination with the same identifier (name{page.1}) has 
been already used, duplicate ignored
<to be read again> 
                   \relax 
l.66 \newpage
              [1]
Package babel Info: Redefining ngerman shorthand "|
(babel)             in language  on input line 68.
Package babel Info: Redefining ngerman shorthand "~
(babel)             in language  on input line 68.
Package babel Info: Redefining ngerman shorthand "|
(babel)             in language  on input line 69.
Package babel Info: Redefining ngerman shorthand "~
(babel)             in language  on input line 69.
Package babel Info: Redefining ngerman shorthand "|
(babel)             in language  on input line 97.
Package babel Info: Redefining ngerman shorthand "~
(babel)             in language  on input line 97.
Package babel Info: Redefining ngerman shorthand "|
(babel)             in language  on input line 108.
Package babel Info: Redefining ngerman shorthand "~
(babel)             in language  on input line 108.
Package babel Info: Redefining ngerman shorthand "|
(babel)             in language  on input line 108.
Package babel Info: Redefining ngerman shorthand "~
(babel)             in language  on input line 108.
 [2]
Underfull \hbox (badness 10000) in paragraph at lines 108--109

 []


LaTeX Warning: Citation `schallgeschwindigkeiten' on page 3 undefined on input 
line 116.


LaTeX Warning: Citation `karldeutsch' on page 3 undefined on input line 132.

Package babel Info: Redefining ngerman shorthand "|
(babel)             in language  on input line 134.
Package babel Info: Redefining ngerman shorthand "~
(babel)             in language  on input line 134.
Package babel Info: Redefining ngerman shorthand "|
(babel)             in language  on input line 137.
Package babel Info: Redefining ngerman shorthand "~
(babel)             in language  on input line 137.
Package babel Info: Redefining ngerman shorthand "|
(babel)             in language  on input line 137.
Package babel Info: Redefining ngerman shorthand "~
(babel)             in language  on input line 137.
[3]
Package babel Info: Redefining ngerman shorthand "|
(babel)             in language  on input line 161.
Package babel Info: Redefining ngerman shorthand "~
(babel)             in language  on input line 161.
Package babel Info: Redefining ngerman shorthand "|
(babel)             in language  on input line 161.
Package babel Info: Redefining ngerman shorthand "~
(babel)             in language  on input line 161.
 [4]
Package babel Info: Redefining ngerman shorthand "|
(babel)             in language  on input line 163.
Package babel Info: Redefining ngerman shorthand "~
(babel)             in language  on input line 163.
Package babel Info: Redefining ngerman shorthand "|
(babel)             in language  on input line 165.
Package babel Info: Redefining ngerman shorthand "~
(babel)             in language  on input line 165.
Package babel Info: Redefining ngerman shorthand "|
(babel)             in language  on input line 172.
Package babel Info: Redefining ngerman shorthand "~
(babel)             in language  on input line 172.
Package babel Info: Redefining ngerman shorthand "|
(babel)             in language  on input line 179.
Package babel Info: Redefining ngerman shorthand "~
(babel)             in language  on input line 179.
Package babel Info: Redefining ngerman shorthand "|
(babel)             in language  on input line 198.
Package babel Info: Redefining ngerman shorthand "~
(babel)             in language  on input line 198.
Package babel Info: Redefining ngerman shorthand "|
(babel)             in language  on input line 198.
Package babel Info: Redefining ngerman shorthand "~
(babel)             in language  on input line 198.
 [5]
Package babel Info: Redefining ngerman shorthand "|
(babel)             in language  on input line 199.
Package babel Info: Redefining ngerman shorthand "~
(babel)             in language  on input line 199.


LaTeX Warning: Reference `sec:sim' on page 6 undefined on input line 203.

Package babel Info: Redefining ngerman shorthand "|
(babel)             in language  on input line 209.
Package babel Info: Redefining ngerman shorthand "~
(babel)             in language  on input line 209.
Package babel Info: Redefining ngerman shorthand "|
(babel)             in language  on input line 222.
Package babel Info: Redefining ngerman shorthand "~
(babel)             in language  on input line 222.
Package babel Info: Redefining ngerman shorthand "|
(babel)             in language  on input line 226.
Package babel Info: Redefining ngerman shorthand "~
(babel)             in language  on input line 226.
<pictures/LineRef.png, id=179, 719.68875pt x 500.62032pt>
File: pictures/LineRef.png Graphic file (type png)

<use pictures/LineRef.png>
Package pdftex.def Info: pictures/LineRef.png used on input line 230.
(pdftex.def)             Requested size: 287.87039pt x 200.24457pt.

Underfull \hbox (badness 10000) in paragraph at lines 227--233

 []

Package babel Info: Redefining ngerman shorthand "|
(babel)             in language  on input line 233.
Package babel Info: Redefining ngerman shorthand "~
(babel)             in language  on input line 233.
Package babel Info: Redefining ngerman shorthand "|
(babel)             in language  on input line 233.
Package babel Info: Redefining ngerman shorthand "~
(babel)             in language  on input line 233.
[6]
Underfull \hbox (badness 7558) in paragraph at lines 233--237
[]\OT1/cmr/m/n/12 Um die Be-rech-nung des
 []


Underfull \hbox (badness 10000) in paragraph at lines 233--237
\OT1/cmr/m/n/12 zuf[]uhren m[]ussen so-wohl
 []


Underfull \hbox (badness 1072) in paragraph at lines 233--237
\OT1/cmr/m/n/12 der Rich-tungs-vek-tor $[]$ des
 []


Underfull \hbox (badness 1158) in paragraph at lines 233--237
\OT1/cmr/m/n/12 an $\OML/cmm/m/it/12 AB$\OT1/cmr/m/n/12 . Wei-ter-hin ist der
 []

Package babel Info: Redefining ngerman shorthand "|
(babel)             in language  on input line 249.
Package babel Info: Redefining ngerman shorthand "~
(babel)             in language  on input line 249.
Package babel Info: Redefining ngerman shorthand "|
(babel)             in language  on input line 253.
Package babel Info: Redefining ngerman shorthand "~
(babel)             in language  on input line 253.
Package babel Info: Redefining ngerman shorthand "|
(babel)             in language  on input line 253.
Package babel Info: Redefining ngerman shorthand "~
(babel)             in language  on input line 253.
[7 <./pictures/LineRef.png>]
<pictures/CircleRef.png, id=192, 538.26094pt x 463.7325pt>
File: pictures/CircleRef.png Graphic file (type png)

<use pictures/CircleRef.png>
Package pdftex.def Info: pictures/CircleRef.png used on input line 255.
(pdftex.def)             Requested size: 269.1298pt x 231.86568pt.

Overfull \hbox (27.28139pt too wide) in paragraph at lines 255--256
[][] 
 []

<pictures/OvalRef.png, id=193, 304.9794pt x 267.76035pt>
File: pictures/OvalRef.png Graphic file (type png)

<use pictures/OvalRef.png>
Package pdftex.def Info: pictures/OvalRef.png used on input line 280.
(pdftex.def)             Requested size: 213.48412pt x 187.43095pt.

Underfull \hbox (badness 1067) in paragraph at lines 285--289
[][]\OT1/cmr/m/n/12 Als letz-te Form ha-ben wir die El-lip-se
 []

Package babel Info: Redefining ngerman shorthand "|
(babel)             in language  on input line 303.
Package babel Info: Redefining ngerman shorthand "~
(babel)             in language  on input line 303.
Package babel Info: Redefining ngerman shorthand "|
(babel)             in language  on input line 303.
Package babel Info: Redefining ngerman shorthand "~
(babel)             in language  on input line 303.
[8 <./pictures/CircleRef.png> <./pictures/OvalRef.png>]
Package babel Info: Redefining ngerman shorthand "|
(babel)             in language  on input line 323.
Package babel Info: Redefining ngerman shorthand "~
(babel)             in language  on input line 323.
Package babel Info: Redefining ngerman shorthand "|
(babel)             in language  on input line 323.
Package babel Info: Redefining ngerman shorthand "~
(babel)             in language  on input line 323.
 [9]
Package babel Info: Redefining ngerman shorthand "|
(babel)             in language  on input line 325.
Package babel Info: Redefining ngerman shorthand "~
(babel)             in language  on input line 325.
Package babel Info: Redefining ngerman shorthand "|
(babel)             in language  on input line 327.
Package babel Info: Redefining ngerman shorthand "~
(babel)             in language  on input line 327.
Package babel Info: Redefining ngerman shorthand "|
(babel)             in language  on input line 352.
Package babel Info: Redefining ngerman shorthand "~
(babel)             in language  on input line 352.
Package babel Info: Redefining ngerman shorthand "|
(babel)             in language  on input line 355.
Package babel Info: Redefining ngerman shorthand "~
(babel)             in language  on input line 355.
Package babel Info: Redefining ngerman shorthand "|
(babel)             in language  on input line 359.
Package babel Info: Redefining ngerman shorthand "~
(babel)             in language  on input line 359.
Package babel Info: Redefining ngerman shorthand "|
(babel)             in language  on input line 359.
Package babel Info: Redefining ngerman shorthand "~
(babel)             in language  on input line 359.
 [10]
Package babel Info: Redefining ngerman shorthand "|
(babel)             in language  on input line 360.
Package babel Info: Redefining ngerman shorthand "~
(babel)             in language  on input line 360.

Underfull \hbox (badness 10000) in paragraph at lines 362--379

 []

Package babel Info: Redefining ngerman shorthand "|
(babel)             in language  on input line 380.
Package babel Info: Redefining ngerman shorthand "~
(babel)             in language  on input line 380.
Package babel Info: Redefining ngerman shorthand "|
(babel)             in language  on input line 380.
Package babel Info: Redefining ngerman shorthand "~
(babel)             in language  on input line 380.
[11]
Package babel Info: Redefining ngerman shorthand "|
(babel)             in language  on input line 381.
Package babel Info: Redefining ngerman shorthand "~
(babel)             in language  on input line 381.
 <pictures/Strahlenbuendel.png, id=218, 293.59688pt x 472.01344pt>
File: pictures/Strahlenbuendel.png Graphic file (type png)

<use pictures/Strahlenbuendel.png>
Package pdftex.def Info: pictures/Strahlenbuendel.png used on input line 384.
(pdftex.def)             Requested size: 73.39903pt x 118.00307pt.

Underfull \hbox (badness 10000) in paragraph at lines 386--386
[]\OT1/cmr/m/n/12 Abbildung 4:
 []


Package caption Warning: \label without proper reference on input line 382.
See the caption package documentation for explanation.


LaTeX Warning: Reference `fig:Wegunterschied' on page 12 undefined on input lin
e 390.

<pictures/Flowchart_processScan.png, id=220, 1096.095pt x 1186.4325pt>
File: pictures/Flowchart_processScan.png Graphic file (type png)

<use pictures/Flowchart_processScan.png>
Package pdftex.def Info: pictures/Flowchart_processScan.png used on input line 
396.
(pdftex.def)             Requested size: 328.83104pt x 355.9325pt.

Overfull \hbox (1.62436pt too wide) in paragraph at lines 396--398
[][] 
 []


Underfull \hbox (badness 1521) in paragraph at lines 399--408
\OT1/cmr/m/n/12 net und in zeit-li-cher
 []


Underfull \hbox (badness 1968) in paragraph at lines 399--408
\OT1/cmr/m/n/12 an der der Quo-ti-ent
 []


Underfull \hbox (badness 4072) in paragraph at lines 399--408
\OT1/cmr/m/n/12 ge-nann-ter Zeit-be-reich
 []


Underfull \hbox (badness 2617) in paragraph at lines 399--408
\OT1/cmr/m/n/12 de-fi-niert. Die-ser sagt
 []


Underfull \hbox (badness 2469) in paragraph at lines 399--408
\OT1/cmr/m/n/12 aus, in wel-chen Ab-
 []


Underfull \hbox (badness 1603) in paragraph at lines 399--408
\OT1/cmr/m/n/12 stand von ei-nem ge-
 []

Package babel Info: Redefining ngerman shorthand "|
(babel)             in language  on input line 408.
Package babel Info: Redefining ngerman shorthand "~
(babel)             in language  on input line 408.
Package babel Info: Redefining ngerman shorthand "|
(babel)             in language  on input line 408.
Package babel Info: Redefining ngerman shorthand "~
(babel)             in language  on input line 408.
[12 <./pictures/Strahlenbuendel.png> <./pictures/Flowchart_processScan.png>]
Package babel Info: Redefining ngerman shorthand "|
(babel)             in language  on input line 410.
Package babel Info: Redefining ngerman shorthand "~
(babel)             in language  on input line 410.
Package babel Info: Redefining ngerman shorthand "|
(babel)             in language  on input line 413.
Package babel Info: Redefining ngerman shorthand "~
(babel)             in language  on input line 413.
Package babel Info: Redefining ngerman shorthand "|
(babel)             in language  on input line 413.
Package babel Info: Redefining ngerman shorthand "~
(babel)             in language  on input line 413.

[13]
Package babel Info: Redefining ngerman shorthand "|
(babel)             in language  on input line 414.
Package babel Info: Redefining ngerman shorthand "~
(babel)             in language  on input line 414.
Package babel Info: Redefining ngerman shorthand "|
(babel)             in language  on input line 418.
Package babel Info: Redefining ngerman shorthand "~
(babel)             in language  on input line 418.
Package babel Info: Redefining ngerman shorthand "|
(babel)             in language  on input line 418.
Package babel Info: Redefining ngerman shorthand "~
(babel)             in language  on input line 418.
 [14]
Package babel Info: Redefining ngerman shorthand "|
(babel)             in language  on input line 419.
Package babel Info: Redefining ngerman shorthand "~
(babel)             in language  on input line 419.
Package babel Info: Redefining ngerman shorthand "|
(babel)             in language  on input line 421.
Package babel Info: Redefining ngerman shorthand "~
(babel)             in language  on input line 421.
File: pictures/LineRef.png Graphic file (type png)
 <use pictures/LineRef.png>
Package pdftex.def Info: pictures/LineRef.png used on input line 429.
(pdftex.def)             Requested size: 359.84349pt x 250.30954pt.
LaTeX Font Info:    Try loading font information for U+dsrom on input line 438.


("D:\Program Files\MiKTeX\tex\latex\doublestroke\udsrom.fd"
File: Udsrom.fd 1995/08/01 v0.1 Double stroke roman font definitions
)
Package babel Info: Redefining ngerman shorthand "|
(babel)             in language  on input line 461.
Package babel Info: Redefining ngerman shorthand "~
(babel)             in language  on input line 461.
Package babel Info: Redefining ngerman shorthand "|
(babel)             in language  on input line 461.
Package babel Info: Redefining ngerman shorthand "~
(babel)             in language  on input line 461.
 [15pdfTeX warning (ext4): destination with the same identifier (name{equation.
6.1}) has been already used, duplicate ignored

\@EveryShipout@Output ...@Org@Shipout \box \@cclv 
                                                  
l.461 \end{equation*}
                     pdfTeX warning (ext4): destination with the same identifie
r (name{equation.6.2}) has been already used, duplicate ignored

\@EveryShipout@Output ...@Org@Shipout \box \@cclv 
                                                  
l.461 \end{equation*}
                     ]pdfTeX warning (ext4): destination with the same identifi
er (name{equation.6.1}) has been already used, duplicate ignored
<to be read again> 
                   \relax 
l.511 \end{align}
                 
Package babel Info: Redefining ngerman shorthand "|
(babel)             in language  on input line 515.
Package babel Info: Redefining ngerman shorthand "~
(babel)             in language  on input line 515.
Package babel Info: Redefining ngerman shorthand "|
(babel)             in language  on input line 517.
Package babel Info: Redefining ngerman shorthand "~
(babel)             in language  on input line 517.
Package babel Info: Redefining ngerman shorthand "|
(babel)             in language  on input line 517.
Package babel Info: Redefining ngerman shorthand "~
(babel)             in language  on input line 517.
 [16]
Package babel Info: Redefining ngerman shorthand "|
(babel)             in language  on input line 518.
Package babel Info: Redefining ngerman shorthand "~
(babel)             in language  on input line 518.
Package babel Info: Redefining ngerman shorthand "|
(babel)             in language  on input line 526.
Package babel Info: Redefining ngerman shorthand "~
(babel)             in language  on input line 526.
Package babel Info: Redefining ngerman shorthand "|
(babel)             in language  on input line 526.
Package babel Info: Redefining ngerman shorthand "~
(babel)             in language  on input line 526.
 [17]
Package atveryend Info: Empty hook `BeforeClearDocument' on input line 528.
Package babel Info: Redefining ngerman shorthand "|
(babel)             in language  on input line 528.
Package babel Info: Redefining ngerman shorthand "~
(babel)             in language  on input line 528.
Package babel Info: Redefining ngerman shorthand "|
(babel)             in language  on input line 528.
Package babel Info: Redefining ngerman shorthand "~
(babel)             in language  on input line 528.
 [18

]
Package atveryend Info: Empty hook `AfterLastShipout' on input line 528.
 (Arbeit-ZfPSim.aux)
Package atveryend Info: Executing hook `AtVeryEndDocument' on input line 528.
Package atveryend Info: Executing hook `AtEndAfterFileList' on input line 528.
Package rerunfilecheck Info: File `Arbeit-ZfPSim.out' has not changed.
(rerunfilecheck)             Checksum: 486C7F7612B4FDF08A07B510DF231F3B;2283.


LaTeX Warning: There were undefined references.


LaTeX Warning: Label(s) may have changed. Rerun to get cross-references right.

 ) 
Here is how much of TeX's memory you used:
 11823 strings out of 493328
 172814 string characters out of 3140849
 308925 words of memory out of 3000000
 15051 multiletter control sequences out of 15000+200000
 12010 words of font info for 47 fonts, out of 3000000 for 9000
 1141 hyphenation exceptions out of 8191
 53i,21n,92p,1029b,713s stack positions out of 5000i,500n,10000p,200000b,50000s
<D:/Program Files/MiKTeX/fonts/type1/public/amsfonts/cm/cmbx12.pfb><D:/Progra
m Files/MiKTeX/fonts/type1/public/amsfonts/cm/cmcsc10.pfb><D:/Program Files/MiK
TeX/fonts/type1/public/amsfonts/cm/cmex10.pfb><D:/Program Files/MiKTeX/fonts/ty
pe1/public/amsfonts/cm/cmmi12.pfb><D:/Program Files/MiKTeX/fonts/type1/public/a
msfonts/cm/cmmi8.pfb><D:/Program Files/MiKTeX/fonts/type1/public/amsfonts/cm/cm
r12.pfb><D:/Program Files/MiKTeX/fonts/type1/public/amsfonts/cm/cmr6.pfb><D:/Pr
ogram Files/MiKTeX/fonts/type1/public/amsfonts/cm/cmr8.pfb><D:/Program Files/Mi
KTeX/fonts/type1/public/amsfonts/cm/cmsl12.pfb><D:/Program Files/MiKTeX/fonts/t
ype1/public/amsfonts/cm/cmsy10.pfb><D:/Program Files/MiKTeX/fonts/type1/public/
amsfonts/cm/cmsy6.pfb><D:/Program Files/MiKTeX/fonts/type1/public/amsfonts/cm/c
msy8.pfb><D:/Program Files/MiKTeX/fonts/type1/public/amsfonts/cm/cmtt12.pfb><D:
/Program Files/MiKTeX/fonts/type1/public/doublestroke/dsrom12.pfb><D:/Program F
iles/MiKTeX/fonts/type1/public/amsfonts/symbols/msam10.pfb><D:/Program Files/Mi
KTeX/fonts/type1/public/amsfonts/symbols/msbm10.pfb>
Output written on Arbeit-ZfPSim.pdf (21 pages, 450779 bytes).
PDF statistics:
 328 PDF objects out of 1000 (max. 8388607)
 54 named destinations out of 1000 (max. 500000)
 234 words of extra memory for PDF output out of 10000 (max. 10000000)

