\BOOKMARK [1][-]{section.1}{Theorie der Zerst\366rungsfreien Pr\374fung}{}% 1
\BOOKMARK [2][-]{subsection.1.1}{Definition zerst\366rungsfreier Pr\374fung}{section.1}% 2
\BOOKMARK [2][-]{subsection.1.2}{Ultraschall-basierte Werkstoffpr\374fung}{section.1}% 3
\BOOKMARK [2][-]{subsection.1.3}{Abgrenzung von anderen Testverfahren}{section.1}% 4
\BOOKMARK [1][-]{section.2}{Berechnung der Strahlenverl\344ufe}{}% 5
\BOOKMARK [2][-]{subsection.2.1}{Grundbegriffe und Notation der Vektorrechnung}{section.2}% 6
\BOOKMARK [2][-]{subsection.2.2}{Erkl\344rung und Begr\374ndung der vorgenommenen Vereinfachungen}{section.2}% 7
\BOOKMARK [3][-]{subsubsection.2.2.1}{Betrachtung der Ultraschallwellen als Strahlenb\374ndel}{subsection.2.2}% 8
\BOOKMARK [3][-]{subsubsection.2.2.2}{Berechnung der Intensit\344t eines einzelnen Strahls}{subsection.2.2}% 9
\BOOKMARK [3][-]{subsubsection.2.2.3}{Vernachl\344ssigung der Material\374berg\344nge und Annahme der Totalreflexion}{subsection.2.2}% 10
\BOOKMARK [2][-]{subsection.2.3}{Herleitung der Formeln}{section.2}% 11
\BOOKMARK [3][-]{subsubsection.2.3.1}{Reflexion an einer Geraden}{subsection.2.3}% 12
\BOOKMARK [3][-]{subsubsection.2.3.2}{Reflexion an weiteren regelm\344\337igen Geometrien}{subsection.2.3}% 13
\BOOKMARK [1][-]{section.3}{Programm Programm Programm Programm }{}% 14
\BOOKMARK [2][-]{subsection.3.1}{Anforderungen an das Programm}{section.3}% 15
\BOOKMARK [2][-]{subsection.3.2}{Simulation und Darstellung der Ultraschallpr\374fung}{section.3}% 16
\BOOKMARK [3][-]{subsubsection.3.2.1}{Raytracer und und die trace-Funktion}{subsection.3.2}% 17
\BOOKMARK [3][-]{subsubsection.3.2.2}{Scanverfahren}{subsection.3.2}% 18
\BOOKMARK [3][-]{subsubsection.3.2.3}{Auswertung der Scanergebnisse}{subsection.3.2}% 19
\BOOKMARK [2][-]{subsection.3.3}{Verwendung des Programms}{section.3}% 20
\BOOKMARK [1][-]{section.4}{Anhang}{}% 21
\BOOKMARK [2][-]{subsection.4.1}{Vollst\344ndige Herleitung aller verwendeten Berechnungsformeln}{section.4}% 22
\BOOKMARK [2][-]{subsection.4.2}{Programmdokumentation und -benutzungsanleitung}{section.4}% 23
